{"/Users/griffinclark/Documents/GitHub/ToBeWisePro/src/interface/atoms/AppText.tsx": {"path":"/Users/griffinclark/Documents/GitHub/ToBeWisePro/src/interface/atoms/AppText.tsx","statementMap":{"0":{"start":{"line":13,"column":40},"end":{"line":33,"column":1}},"1":{"start":{"line":20,"column":2},"end":{"line":32,"column":4}}},"fnMap":{"0":{"name":"(anonymous_0)","decl":{"start":{"line":13,"column":40},"end":{"line":13,"column":41}},"loc":{"start":{"line":19,"column":13},"end":{"line":33,"column":1}},"line":19}},"branchMap":{"0":{"loc":{"start":{"line":15,"column":2},"end":{"line":15,"column":27}},"type":"default-arg","locations":[{"start":{"line":15,"column":26},"end":{"line":15,"column":27}}],"line":15},"1":{"loc":{"start":{"line":18,"column":2},"end":{"line":18,"column":22}},"type":"default-arg","locations":[{"start":{"line":18,"column":18},"end":{"line":18,"column":22}}],"line":18}},"s":{"0":4,"1":14},"f":{"0":14},"b":{"0":[13],"1":[13]},"_coverageSchema":"1a1c01bbd47fc00a2c39e90264f33305004495a9","hash":"6e2f9a03c78db15332740cb71e1facbc3a323be5"}
,"/Users/griffinclark/Documents/GitHub/ToBeWisePro/src/interface/atoms/CustomTimeInput.tsx": {"path":"/Users/griffinclark/Documents/GitHub/ToBeWisePro/src/interface/atoms/CustomTimeInput.tsx","statementMap":{"0":{"start":{"line":12,"column":48},"end":{"line":29,"column":1}},"1":{"start":{"line":13,"column":21},"end":{"line":17,"column":5}},"2":{"start":{"line":14,"column":8},"end":{"line":16,"column":9}},"3":{"start":{"line":15,"column":12},"end":{"line":15,"column":34}},"4":{"start":{"line":19,"column":4},"end":{"line":28,"column":6}},"5":{"start":{"line":31,"column":15},"end":{"line":37,"column":2}}},"fnMap":{"0":{"name":"(anonymous_0)","decl":{"start":{"line":12,"column":48},"end":{"line":12,"column":49}},"loc":{"start":{"line":12,"column":78},"end":{"line":29,"column":1}},"line":12},"1":{"name":"(anonymous_1)","decl":{"start":{"line":13,"column":21},"end":{"line":13,"column":22}},"loc":{"start":{"line":13,"column":74},"end":{"line":17,"column":5}},"line":13}},"branchMap":{"0":{"loc":{"start":{"line":14,"column":8},"end":{"line":16,"column":9}},"type":"if","locations":[{"start":{"line":14,"column":8},"end":{"line":16,"column":9}},{"start":{},"end":{}}],"line":14}},"s":{"0":1,"1":3,"2":1,"3":1,"4":3,"5":1},"f":{"0":3,"1":1},"b":{"0":[1,0]},"_coverageSchema":"1a1c01bbd47fc00a2c39e90264f33305004495a9","hash":"463b58d8f92581094b05ccf909af7b72739e48b3"}
,"/Users/griffinclark/Documents/GitHub/ToBeWisePro/src/interface/atoms/DataButton.tsx": {"path":"/Users/griffinclark/Documents/GitHub/ToBeWisePro/src/interface/atoms/DataButton.tsx","statementMap":{"0":{"start":{"line":13,"column":43},"end":{"line":39,"column":1}},"1":{"start":{"line":18,"column":2},"end":{"line":18,"column":42}},"2":{"start":{"line":20,"column":2},"end":{"line":38,"column":4}},"3":{"start":{"line":41,"column":15},"end":{"line":55,"column":2}}},"fnMap":{"0":{"name":"(anonymous_0)","decl":{"start":{"line":13,"column":43},"end":{"line":13,"column":44}},"loc":{"start":{"line":17,"column":13},"end":{"line":39,"column":1}},"line":17}},"branchMap":{"0":{"loc":{"start":{"line":24,"column":27},"end":{"line":24,"column":60}},"type":"cond-expr","locations":[{"start":{"line":24,"column":38},"end":{"line":24,"column":51}},{"start":{"line":24,"column":54},"end":{"line":24,"column":60}}],"line":24},"1":{"loc":{"start":{"line":28,"column":7},"end":{"line":36,"column":7}},"type":"cond-expr","locations":[{"start":{"line":29,"column":8},"end":{"line":31,"column":15}},{"start":{"line":33,"column":8},"end":{"line":35,"column":15}}],"line":28}},"s":{"0":1,"1":3,"2":3,"3":1},"f":{"0":3},"b":{"0":[0,3],"1":[0,3]},"_coverageSchema":"1a1c01bbd47fc00a2c39e90264f33305004495a9","hash":"2bf6796a4a8b40baecba12f7983f2613bca587d1"}
,"/Users/griffinclark/Documents/GitHub/ToBeWisePro/src/interface/atoms/DiscoverSectionHeader.tsx": {"path":"/Users/griffinclark/Documents/GitHub/ToBeWisePro/src/interface/atoms/DiscoverSectionHeader.tsx","statementMap":{"0":{"start":{"line":10,"column":25},"end":{"line":25,"column":2}},"1":{"start":{"line":10,"column":45},"end":{"line":25,"column":1}},"2":{"start":{"line":27,"column":37},"end":{"line":34,"column":1}},"3":{"start":{"line":28,"column":19},"end":{"line":28,"column":35}},"4":{"start":{"line":29,"column":4},"end":{"line":33,"column":5}}},"fnMap":{"0":{"name":"(anonymous_0)","decl":{"start":{"line":10,"column":25},"end":{"line":10,"column":26}},"loc":{"start":{"line":10,"column":45},"end":{"line":25,"column":1}},"line":10},"1":{"name":"(anonymous_1)","decl":{"start":{"line":27,"column":37},"end":{"line":27,"column":38}},"loc":{"start":{"line":27,"column":57},"end":{"line":34,"column":1}},"line":27}},"branchMap":{},"s":{"0":1,"1":3,"2":1,"3":2,"4":2},"f":{"0":3,"1":2},"b":{},"_coverageSchema":"1a1c01bbd47fc00a2c39e90264f33305004495a9","hash":"e325f583fe2a949da1583f1afb3fde6697e1660c"}
,"/Users/griffinclark/Documents/GitHub/ToBeWisePro/src/interface/atoms/FrequencySelector.tsx": {"path":"/Users/griffinclark/Documents/GitHub/ToBeWisePro/src/interface/atoms/FrequencySelector.tsx","statementMap":{"0":{"start":{"line":11,"column":60},"end":{"line":55,"column":1}},"1":{"start":{"line":15,"column":38},"end":{"line":15,"column":62}},"2":{"start":{"line":17,"column":18},"end":{"line":19,"column":3}},"3":{"start":{"line":18,"column":4},"end":{"line":18,"column":23}},"4":{"start":{"line":21,"column":19},"end":{"line":26,"column":3}},"5":{"start":{"line":22,"column":4},"end":{"line":22,"column":25}},"6":{"start":{"line":23,"column":4},"end":{"line":25,"column":5}},"7":{"start":{"line":24,"column":6},"end":{"line":24,"column":33}},"8":{"start":{"line":28,"column":21},"end":{"line":30,"column":3}},"9":{"start":{"line":29,"column":4},"end":{"line":29,"column":24}},"10":{"start":{"line":32,"column":2},"end":{"line":54,"column":4}},"11":{"start":{"line":57,"column":15},"end":{"line":73,"column":2}}},"fnMap":{"0":{"name":"(anonymous_0)","decl":{"start":{"line":11,"column":60},"end":{"line":11,"column":61}},"loc":{"start":{"line":14,"column":6},"end":{"line":55,"column":1}},"line":14},"1":{"name":"(anonymous_1)","decl":{"start":{"line":17,"column":18},"end":{"line":17,"column":19}},"loc":{"start":{"line":17,"column":24},"end":{"line":19,"column":3}},"line":17},"2":{"name":"(anonymous_2)","decl":{"start":{"line":21,"column":19},"end":{"line":21,"column":20}},"loc":{"start":{"line":21,"column":58},"end":{"line":26,"column":3}},"line":21},"3":{"name":"(anonymous_3)","decl":{"start":{"line":28,"column":21},"end":{"line":28,"column":22}},"loc":{"start":{"line":28,"column":27},"end":{"line":30,"column":3}},"line":28}},"branchMap":{"0":{"loc":{"start":{"line":23,"column":4},"end":{"line":25,"column":5}},"type":"if","locations":[{"start":{"line":23,"column":4},"end":{"line":25,"column":5}},{"start":{},"end":{}}],"line":23},"1":{"loc":{"start":{"line":36,"column":11},"end":{"line":38,"column":27}},"type":"cond-expr","locations":[{"start":{"line":37,"column":14},"end":{"line":37,"column":71}},{"start":{"line":38,"column":14},"end":{"line":38,"column":27}}],"line":36},"2":{"loc":{"start":{"line":44,"column":7},"end":{"line":52,"column":7}},"type":"binary-expr","locations":[{"start":{"line":44,"column":7},"end":{"line":44,"column":17}},{"start":{"line":45,"column":8},"end":{"line":51,"column":10}}],"line":44},"3":{"loc":{"start":{"line":46,"column":17},"end":{"line":46,"column":43}},"type":"binary-expr","locations":[{"start":{"line":46,"column":17},"end":{"line":46,"column":29}},{"start":{"line":46,"column":33},"end":{"line":46,"column":43}}],"line":46}},"s":{"0":1,"1":7,"2":7,"3":1,"4":7,"5":1,"6":1,"7":1,"8":7,"9":2,"10":7,"11":1},"f":{"0":7,"1":1,"2":1,"3":2},"b":{"0":[1,0],"1":[1,6],"2":[7,2],"3":[2,2]},"_coverageSchema":"1a1c01bbd47fc00a2c39e90264f33305004495a9","hash":"c1735907a781f24cc88b04cbbedef842ca9abdbb"}
,"/Users/griffinclark/Documents/GitHub/ToBeWisePro/src/interface/atoms/IconFactory.tsx": {"path":"/Users/griffinclark/Documents/GitHub/ToBeWisePro/src/interface/atoms/IconFactory.tsx","statementMap":{"0":{"start":{"line":12,"column":44},"end":{"line":42,"column":1}},"1":{"start":{"line":13,"column":15},"end":{"line":13,"column":17}},"2":{"start":{"line":14,"column":31},"end":{"line":14,"column":44}},"3":{"start":{"line":15,"column":17},"end":{"line":15,"column":79}},"4":{"start":{"line":16,"column":2},"end":{"line":16,"column":34}},"5":{"start":{"line":19,"column":2},"end":{"line":41,"column":4}}},"fnMap":{"0":{"name":"(anonymous_0)","decl":{"start":{"line":12,"column":44},"end":{"line":12,"column":45}},"loc":{"start":{"line":12,"column":82},"end":{"line":42,"column":1}},"line":12}},"branchMap":{"0":{"loc":{"start":{"line":15,"column":17},"end":{"line":15,"column":79}},"type":"cond-expr","locations":[{"start":{"line":15,"column":28},"end":{"line":15,"column":51}},{"start":{"line":15,"column":54},"end":{"line":15,"column":79}}],"line":15},"1":{"loc":{"start":{"line":21,"column":7},"end":{"line":39,"column":7}},"type":"cond-expr","locations":[{"start":{"line":22,"column":8},"end":{"line":29,"column":10}},{"start":{"line":31,"column":8},"end":{"line":38,"column":10}}],"line":21},"2":{"loc":{"start":{"line":34,"column":17},"end":{"line":34,"column":37}},"type":"cond-expr","locations":[{"start":{"line":34,"column":25},"end":{"line":34,"column":30}},{"start":{"line":34,"column":33},"end":{"line":34,"column":37}}],"line":34}},"s":{"0":2,"1":4,"2":4,"3":4,"4":4,"5":4},"f":{"0":4},"b":{"0":[1,3],"1":[1,3],"2":[0,3]},"_coverageSchema":"1a1c01bbd47fc00a2c39e90264f33305004495a9","hash":"393c2aaefffb5f7187fba349948a89b4ff87cb3a"}
,"/Users/griffinclark/Documents/GitHub/ToBeWisePro/src/interface/atoms/NavButton.tsx": {"path":"/Users/griffinclark/Documents/GitHub/ToBeWisePro/src/interface/atoms/NavButton.tsx","statementMap":{"0":{"start":{"line":21,"column":19},"end":{"line":33,"column":1}},"1":{"start":{"line":22,"column":2},"end":{"line":32,"column":3}},"2":{"start":{"line":24,"column":6},"end":{"line":24,"column":63}},"3":{"start":{"line":26,"column":6},"end":{"line":26,"column":61}},"4":{"start":{"line":28,"column":6},"end":{"line":28,"column":65}},"5":{"start":{"line":30,"column":6},"end":{"line":30,"column":42}},"6":{"start":{"line":31,"column":6},"end":{"line":31,"column":67}},"7":{"start":{"line":35,"column":42},"end":{"line":72,"column":1}},"8":{"start":{"line":42,"column":2},"end":{"line":71,"column":4}},"9":{"start":{"line":49,"column":8},"end":{"line":56,"column":9}},"10":{"start":{"line":50,"column":10},"end":{"line":52,"column":11}},"11":{"start":{"line":51,"column":12},"end":{"line":51,"column":34}},"12":{"start":{"line":53,"column":10},"end":{"line":53,"column":55}},"13":{"start":{"line":55,"column":10},"end":{"line":55,"column":48}},"14":{"start":{"line":74,"column":15},"end":{"line":85,"column":2}}},"fnMap":{"0":{"name":"(anonymous_0)","decl":{"start":{"line":21,"column":19},"end":{"line":21,"column":20}},"loc":{"start":{"line":21,"column":58},"end":{"line":33,"column":1}},"line":21},"1":{"name":"(anonymous_1)","decl":{"start":{"line":35,"column":42},"end":{"line":35,"column":43}},"loc":{"start":{"line":41,"column":13},"end":{"line":72,"column":1}},"line":41},"2":{"name":"(anonymous_2)","decl":{"start":{"line":48,"column":15},"end":{"line":48,"column":16}},"loc":{"start":{"line":48,"column":21},"end":{"line":57,"column":7}},"line":48}},"branchMap":{"0":{"loc":{"start":{"line":22,"column":2},"end":{"line":32,"column":3}},"type":"switch","locations":[{"start":{"line":23,"column":4},"end":{"line":24,"column":63}},{"start":{"line":25,"column":4},"end":{"line":26,"column":61}},{"start":{"line":27,"column":4},"end":{"line":28,"column":65}},{"start":{"line":29,"column":4},"end":{"line":31,"column":67}}],"line":22},"1":{"loc":{"start":{"line":46,"column":27},"end":{"line":46,"column":66}},"type":"cond-expr","locations":[{"start":{"line":46,"column":38},"end":{"line":46,"column":51}},{"start":{"line":46,"column":54},"end":{"line":46,"column":66}}],"line":46},"2":{"loc":{"start":{"line":49,"column":8},"end":{"line":56,"column":9}},"type":"if","locations":[{"start":{"line":49,"column":8},"end":{"line":56,"column":9}},{"start":{"line":54,"column":15},"end":{"line":56,"column":9}}],"line":49},"3":{"loc":{"start":{"line":50,"column":10},"end":{"line":52,"column":11}},"type":"if","locations":[{"start":{"line":50,"column":10},"end":{"line":52,"column":11}},{"start":{},"end":{}}],"line":50},"4":{"loc":{"start":{"line":59,"column":7},"end":{"line":69,"column":7}},"type":"cond-expr","locations":[{"start":{"line":60,"column":8},"end":{"line":63,"column":15}},{"start":{"line":65,"column":8},"end":{"line":68,"column":15}}],"line":59}},"s":{"0":1,"1":4,"2":0,"3":4,"4":0,"5":0,"6":0,"7":1,"8":4,"9":1,"10":1,"11":1,"12":1,"13":0,"14":1},"f":{"0":4,"1":4,"2":1},"b":{"0":[0,4,0,0],"1":[1,3],"2":[1,0],"3":[1,0],"4":[1,3]},"_coverageSchema":"1a1c01bbd47fc00a2c39e90264f33305004495a9","hash":"1db6ae48a2510504ce7b1a0690a9286f0ef0b5a4"}
,"/Users/griffinclark/Documents/GitHub/ToBeWisePro/src/res/constants/Strings.tsx": {"path":"/Users/griffinclark/Documents/GitHub/ToBeWisePro/src/res/constants/Strings.tsx","statementMap":{"0":{"start":{"line":3,"column":23},"end":{"line":92,"column":4}}},"fnMap":{},"branchMap":{},"s":{"0":1},"f":{},"b":{},"_coverageSchema":"1a1c01bbd47fc00a2c39e90264f33305004495a9","hash":"6a479f5b95c379cc2aab9780231dd295905439e1"}
,"/Users/griffinclark/Documents/GitHub/ToBeWisePro/src/res/constants/TestIDS.tsx": {"path":"/Users/griffinclark/Documents/GitHub/ToBeWisePro/src/res/constants/TestIDS.tsx","statementMap":{"0":{"start":{"line":1,"column":24},"end":{"line":9,"column":3}}},"fnMap":{},"branchMap":{},"s":{"0":2},"f":{},"b":{},"_coverageSchema":"1a1c01bbd47fc00a2c39e90264f33305004495a9","hash":"e76a92ed8fc8771c9e09d4e0691f6280b65068b0"}
,"/Users/griffinclark/Documents/GitHub/ToBeWisePro/styles/Colors.tsx": {"path":"/Users/griffinclark/Documents/GitHub/ToBeWisePro/styles/Colors.tsx","statementMap":{"0":{"start":{"line":1,"column":21},"end":{"line":1,"column":30}},"1":{"start":{"line":2,"column":20},"end":{"line":2,"column":29}},"2":{"start":{"line":4,"column":29},"end":{"line":4,"column":38}},"3":{"start":{"line":5,"column":28},"end":{"line":5,"column":37}},"4":{"start":{"line":6,"column":27},"end":{"line":6,"column":36}},"5":{"start":{"line":8,"column":22},"end":{"line":8,"column":31}},"6":{"start":{"line":9,"column":22},"end":{"line":9,"column":31}},"7":{"start":{"line":10,"column":22},"end":{"line":10,"column":31}},"8":{"start":{"line":11,"column":22},"end":{"line":11,"column":31}},"9":{"start":{"line":12,"column":22},"end":{"line":12,"column":31}},"10":{"start":{"line":13,"column":22},"end":{"line":13,"column":31}},"11":{"start":{"line":15,"column":30},"end":{"line":15,"column":39}},"12":{"start":{"line":16,"column":28},"end":{"line":16,"column":37}}},"fnMap":{},"branchMap":{},"s":{"0":5,"1":5,"2":5,"3":5,"4":5,"5":5,"6":5,"7":5,"8":5,"9":5,"10":5,"11":5,"12":5},"f":{},"b":{},"_coverageSchema":"1a1c01bbd47fc00a2c39e90264f33305004495a9","hash":"25b78f7332fa50a2e4d225330a408773813bb54f"}
}
