TN:
SF:src/interface/atoms/AppText.tsx
FN:13,(anonymous_0)
FNF:1
FNH:1
FNDA:14,(anonymous_0)
DA:13,4
DA:20,14
LF:2
LH:2
BRDA:15,0,0,13
BRDA:18,1,0,13
BRF:2
BRH:2
end_of_record
TN:
SF:src/interface/atoms/CustomTimeInput.tsx
FN:12,(anonymous_0)
FN:13,(anonymous_1)
FNF:2
FNH:2
FNDA:3,(anonymous_0)
FNDA:1,(anonymous_1)
DA:12,1
DA:13,3
DA:14,1
DA:15,1
DA:19,3
DA:31,1
LF:6
LH:6
BRDA:14,0,0,1
BRDA:14,0,1,0
BRF:2
BRH:1
end_of_record
TN:
SF:src/interface/atoms/DataButton.tsx
FN:13,(anonymous_0)
FNF:1
FNH:1
FNDA:3,(anonymous_0)
DA:13,1
DA:18,3
DA:20,3
DA:41,1
LF:4
LH:4
BRDA:24,0,0,0
BRDA:24,0,1,3
BRDA:28,1,0,0
BRDA:28,1,1,3
BRF:4
BRH:2
end_of_record
TN:
SF:src/interface/atoms/DiscoverSectionHeader.tsx
FN:10,(anonymous_0)
FN:27,(anonymous_1)
FNF:2
FNH:2
FNDA:3,(anonymous_0)
FNDA:2,(anonymous_1)
DA:10,3
DA:27,1
DA:28,2
DA:29,2
LF:4
LH:4
BRF:0
BRH:0
end_of_record
TN:
SF:src/interface/atoms/FrequencySelector.tsx
FN:11,(anonymous_0)
FN:17,(anonymous_1)
FN:21,(anonymous_2)
FN:28,(anonymous_3)
FNF:4
FNH:4
FNDA:7,(anonymous_0)
FNDA:1,(anonymous_1)
FNDA:1,(anonymous_2)
FNDA:2,(anonymous_3)
DA:11,1
DA:15,7
DA:17,7
DA:18,1
DA:21,7
DA:22,1
DA:23,1
DA:24,1
DA:28,7
DA:29,2
DA:32,7
DA:57,1
LF:12
LH:12
BRDA:23,0,0,1
BRDA:23,0,1,0
BRDA:36,1,0,1
BRDA:36,1,1,6
BRDA:44,2,0,7
BRDA:44,2,1,2
BRDA:46,3,0,2
BRDA:46,3,1,2
BRF:8
BRH:7
end_of_record
TN:
SF:src/interface/atoms/IconFactory.tsx
FN:12,(anonymous_0)
FNF:1
FNH:1
FNDA:4,(anonymous_0)
DA:12,2
DA:13,4
DA:14,4
DA:15,4
DA:16,4
DA:19,4
LF:6
LH:6
BRDA:15,0,0,1
BRDA:15,0,1,3
BRDA:21,1,0,1
BRDA:21,1,1,3
BRDA:34,2,0,0
BRDA:34,2,1,3
BRF:6
BRH:5
end_of_record
TN:
SF:src/interface/atoms/NavButton.tsx
FN:21,(anonymous_0)
FN:35,(anonymous_1)
FN:48,(anonymous_2)
FNF:3
FNH:3
FNDA:4,(anonymous_0)
FNDA:4,(anonymous_1)
FNDA:1,(anonymous_2)
DA:21,1
DA:22,4
DA:24,0
DA:26,4
DA:28,0
DA:30,0
DA:31,0
DA:35,1
DA:42,4
DA:49,1
DA:50,1
DA:51,1
DA:53,1
DA:55,0
DA:74,1
LF:15
LH:10
BRDA:22,0,0,0
BRDA:22,0,1,4
BRDA:22,0,2,0
BRDA:22,0,3,0
BRDA:46,1,0,1
BRDA:46,1,1,3
BRDA:49,2,0,1
BRDA:49,2,1,0
BRDA:50,3,0,1
BRDA:50,3,1,0
BRDA:59,4,0,1
BRDA:59,4,1,3
BRF:12
BRH:7
end_of_record
TN:
SF:src/res/constants/Strings.tsx
FNF:0
FNH:0
DA:3,1
LF:1
LH:1
BRF:0
BRH:0
end_of_record
TN:
SF:src/res/constants/TestIDS.tsx
FNF:0
FNH:0
DA:1,2
LF:1
LH:1
BRF:0
BRH:0
end_of_record
TN:
SF:styles/Colors.tsx
FNF:0
FNH:0
DA:1,5
DA:2,5
DA:4,5
DA:5,5
DA:6,5
DA:8,5
DA:9,5
DA:10,5
DA:11,5
DA:12,5
DA:13,5
DA:15,5
DA:16,5
LF:13
LH:13
BRF:0
BRH:0
end_of_record
